{
  "stats": {
    "suites": 1,
    "tests": 1,
    "passes": 0,
    "pending": 0,
    "failures": 1,
    "start": "2026-07-28T09:34:33.264Z",
    "end": "2026-07-28T09:34:38.882Z",
    "duration": 5618,
    "testsRegistered": 1,
    "passPercent": 0,
    "pendingPercent": 0,
    "other": 0,
    "hasOther": false,
    "skipped": 0,
    "hasSkipped": false
  },
  "results": [
    {
      "uuid": "cd889e83-e545-4e01-807a-6dbb48ac518e",
      "title": "",
      "fullFile": "cypress\\e2e\\Inventorypage.cy.js",
      "file": "cypress\\e2e\\Inventorypage.cy.js",
      "beforeHooks": [],
      "afterHooks": [],
      "tests": [],
      "suites": [
        {
          "uuid": "6c0f764e-578f-4f6a-9777-80f936737bb6",
          "title": "Test Inventory Page",
          "fullFile": "",
          "file": "",
          "beforeHooks": [],
          "afterHooks": [],
          "tests": [
            {
              "title": "Verify Products",
              "fullTitle": "Test Inventory Page Verify Products",
              "timedOut": null,
              "duration": 5573,
              "state": "failed",
              "speed": null,
              "pass": false,
              "fail": true,
              "pending": false,
              "context": null,
              "code": "cy.fixture('user').then(user => {\n  cy.login(user.username, user.password);\n  cy.url().should(\"include\", \"inventory.html\");\n  cy.get(\".inventory_item\").should(\"have.length.at.least\", 6);\n  cy.contains(\"India\").should(\"be.visible\");\n});",
              "err": {
                "message": "AssertionError: Timed out retrying after 4000ms: Expected to find content: 'India' but never did.",
                "estack": "AssertionError: Timed out retrying after 4000ms: Expected to find content: 'India' but never did.\n    at Context.eval (webpack://saucedemo/./cypress/e2e/Inventorypage.cy.js:7:33)\n    at getRet (https://www.saucedemo.com/__cypress/runner/cypress_runner.js:121211:20)\n    at tryCatcher (https://www.saucedemo.com/__cypress/runner/cypress_runner.js:1780:23)\n    at Promise.attempt.Promise.try (https://www.saucedemo.com/__cypress/runner/cypress_runner.js:4288:29)\n    at Context.thenFn (https://www.saucedemo.com/__cypress/runner/cypress_runner.js:121222:66)\n    at Context.then (https://www.saucedemo.com/__cypress/runner/cypress_runner.js:121473:21)\n    at wrapped (https://www.saucedemo.com/__cypress/runner/cypress_runner.js:149556:19)",
                "diff": null
              },
              "uuid": "2c35a016-740e-42c8-8597-275597487005",
              "parentUUID": "6c0f764e-578f-4f6a-9777-80f936737bb6",
              "isHook": false,
              "skipped": false
            }
          ],
          "suites": [],
          "passes": [],
          "failures": [
            "2c35a016-740e-42c8-8597-275597487005"
          ],
          "pending": [],
          "skipped": [],
          "duration": 5573,
          "root": false,
          "rootEmpty": false,
          "_timeout": 2000
        }
      ],
      "passes": [],
      "failures": [],
      "pending": [],
      "skipped": [],
      "duration": 0,
      "root": true,
      "rootEmpty": true,
      "_timeout": 2000
    }
  ],
  "meta": {
    "mocha": {
      "version": "7.2.0"
    },
    "mochawesome": {
      "options": {
        "quiet": false,
        "reportFilename": "mochawesome",
        "saveHtml": true,
        "saveJson": true,
        "consoleReporter": "spec",
        "useInlineDiffs": false,
        "code": true
      },
      "version": "7.1.4"
    },
    "marge": {
      "options": {
        "reportDir": "cypress/reports",
        "overwrite": false,
        "html": true,
        "json": true
      },
      "version": "6.3.2"
    }
  }
}