{
  "stats": {
    "suites": 1,
    "tests": 1,
    "passes": 1,
    "pending": 0,
    "failures": 0,
    "start": "2026-07-28T09:34:44.913Z",
    "end": "2026-07-28T09:34:47.527Z",
    "duration": 2614,
    "testsRegistered": 1,
    "passPercent": 100,
    "pendingPercent": 0,
    "other": 0,
    "hasOther": false,
    "skipped": 0,
    "hasSkipped": false
  },
  "results": [
    {
      "uuid": "ba5d3ea6-681c-41b8-ad0a-3755894436c7",
      "title": "",
      "fullFile": "cypress\\e2e\\addtocart.cy.js",
      "file": "cypress\\e2e\\addtocart.cy.js",
      "beforeHooks": [],
      "afterHooks": [],
      "tests": [],
      "suites": [
        {
          "uuid": "d187de98-be55-46d1-9013-0a1cdb8b076c",
          "title": "Add to cart",
          "fullFile": "",
          "file": "",
          "beforeHooks": [],
          "afterHooks": [],
          "tests": [
            {
              "title": "Verify product adds successfully",
              "fullTitle": "Add to cart Verify product adds successfully",
              "timedOut": null,
              "duration": 2578,
              "state": "passed",
              "speed": "fast",
              "pass": true,
              "fail": false,
              "pending": false,
              "context": null,
              "code": "cy.fixture('user').then(user => {\n  cy.login(user.username, user.password);\n  inventoryPage.addproduct();\n  inventoryPage.checkcart();\n});",
              "err": {},
              "uuid": "e0af610f-2ded-4db9-bfdf-03dbf8d87698",
              "parentUUID": "d187de98-be55-46d1-9013-0a1cdb8b076c",
              "isHook": false,
              "skipped": false
            }
          ],
          "suites": [],
          "passes": [
            "e0af610f-2ded-4db9-bfdf-03dbf8d87698"
          ],
          "failures": [],
          "pending": [],
          "skipped": [],
          "duration": 2578,
          "root": false,
          "rootEmpty": false,
          "_timeout": 2000
        }
      ],
      "passes": [],
      "failures": [],
      "pending": [],
      "skipped": [],
      "duration": 0,
      "root": true,
      "rootEmpty": true,
      "_timeout": 2000
    }
  ],
  "meta": {
    "mocha": {
      "version": "7.2.0"
    },
    "mochawesome": {
      "options": {
        "quiet": false,
        "reportFilename": "mochawesome",
        "saveHtml": true,
        "saveJson": true,
        "consoleReporter": "spec",
        "useInlineDiffs": false,
        "code": true
      },
      "version": "7.1.4"
    },
    "marge": {
      "options": {
        "reportDir": "cypress/reports",
        "overwrite": false,
        "html": true,
        "json": true
      },
      "version": "6.3.2"
    }
  }
}