{
  "stats": {
    "suites": 1,
    "tests": 1,
    "passes": 1,
    "pending": 0,
    "failures": 0,
    "start": "2026-07-28T09:34:54.763Z",
    "end": "2026-07-28T09:34:58.890Z",
    "duration": 4127,
    "testsRegistered": 1,
    "passPercent": 100,
    "pendingPercent": 0,
    "other": 0,
    "hasOther": false,
    "skipped": 0,
    "hasSkipped": false
  },
  "results": [
    {
      "uuid": "be2c47fb-ce0e-4fe3-a363-f0ab9356bf6e",
      "title": "",
      "fullFile": "cypress\\e2e\\login.cy.js",
      "file": "cypress\\e2e\\login.cy.js",
      "beforeHooks": [],
      "afterHooks": [],
      "tests": [],
      "suites": [
        {
          "uuid": "41033581-729c-4a15-9fa2-3d8585323f37",
          "title": "Login",
          "fullFile": "",
          "file": "",
          "beforeHooks": [],
          "afterHooks": [],
          "tests": [
            {
              "title": "should login with valid credentials",
              "fullTitle": "Login should login with valid credentials",
              "timedOut": null,
              "duration": 4087,
              "state": "passed",
              "speed": "fast",
              "pass": true,
              "fail": false,
              "pending": false,
              "context": null,
              "code": "cy.fixture('user').then(user => {\n  cy.login(user.username, user.password);\n  cy.contains('Products').should('be.visible');\n});",
              "err": {},
              "uuid": "c81126a2-6b31-4a8f-a0d3-11add1ff327f",
              "parentUUID": "41033581-729c-4a15-9fa2-3d8585323f37",
              "isHook": false,
              "skipped": false
            }
          ],
          "suites": [],
          "passes": [
            "c81126a2-6b31-4a8f-a0d3-11add1ff327f"
          ],
          "failures": [],
          "pending": [],
          "skipped": [],
          "duration": 4087,
          "root": false,
          "rootEmpty": false,
          "_timeout": 2000
        }
      ],
      "passes": [],
      "failures": [],
      "pending": [],
      "skipped": [],
      "duration": 0,
      "root": true,
      "rootEmpty": true,
      "_timeout": 2000
    }
  ],
  "meta": {
    "mocha": {
      "version": "7.2.0"
    },
    "mochawesome": {
      "options": {
        "quiet": false,
        "reportFilename": "mochawesome",
        "saveHtml": true,
        "saveJson": true,
        "consoleReporter": "spec",
        "useInlineDiffs": false,
        "code": true
      },
      "version": "7.1.4"
    },
    "marge": {
      "options": {
        "reportDir": "cypress/reports",
        "overwrite": false,
        "html": true,
        "json": true
      },
      "version": "6.3.2"
    }
  }
}